INFO:root:05.11.2018 10:30 tarama sonucu
INFO:root:t24.com.tr Toplam Url Sayısı: 16 - Yeni Gelen Url Sayısı: 0 - Aynı Olan Url Sayısı: 6
INFO:root:bbc.co.uk Toplam Url Sayısı: 2 - Yeni Gelen Url Sayısı: 0 - Aynı Olan Url Sayısı: 2
INFO:root:90min.com Toplam Url Sayısı: 1 - Yeni Gelen Url Sayısı: 0 - Aynı Olan Url Sayısı: 1
INFO:root:gazetevatan.com Toplam Url Sayısı: 3 - Yeni Gelen Url Sayısı: 0 - Aynı Olan Url Sayısı: 0
INFO:root:posta.com.tr Toplam Url Sayısı: 7 - Yeni Gelen Url Sayısı: 0 - Aynı Olan Url Sayısı: 4
INFO:root:aksam.com.tr Toplam Url Sayısı: 12 - Yeni Gelen Url Sayısı: 0 - Aynı Olan Url Sayısı: 4
INFO:root:gunes.com Toplam Url Sayısı: 2 - Yeni Gelen Url Sayısı: 0 - Aynı Olan Url Sayısı: 0
INFO:root:goal.com Toplam Url Sayısı: 1 - Yeni Gelen Url Sayısı: 0 - Aynı Olan Url Sayısı: 1
INFO:root:hurriyet.com.tr Toplam Url Sayısı: 4 - Yeni Gelen Url Sayısı: 0 - Aynı Olan Url Sayısı: 3
INFO:root:milliyet.com.tr Toplam Url Sayısı: 5 - Yeni Gelen Url Sayısı: 0 - Aynı Olan Url Sayısı: 3
INFO:root:aa.com.tr Toplam Url Sayısı: 2 - Yeni Gelen Url Sayısı: 0 - Aynı Olan Url Sayısı: 1
INFO:root:photos.com Toplam Url Sayısı: 2 - Yeni Gelen Url Sayısı: 0 - Aynı Olan Url Sayısı: 2
INFO:root:fanatik.com.tr Toplam Url Sayısı: 2 - Yeni Gelen Url Sayısı: 0 - Aynı Olan Url Sayısı: 0
INFO:root:cnnturk.com Toplam Url Sayısı: 8 - Yeni Gelen Url Sayısı: 0 - Aynı Olan Url Sayısı: 5
INFO:root:05.11.2018 10:35 tarama sonucu
INFO:root:t24.com.tr Toplam Url Sayısı: 16 - Yeni Gelen Url Sayısı: 0 - Aynı Olan Url Sayısı: 6
INFO:root:bbc.co.uk Toplam Url Sayısı: 2 - Yeni Gelen Url Sayısı: 0 - Aynı Olan Url Sayısı: 2
INFO:root:90min.com Toplam Url Sayısı: 1 - Yeni Gelen Url Sayısı: 0 - Aynı Olan Url Sayısı: 1
INFO:root:gazetevatan.com Toplam Url Sayısı: 3 - Yeni Gelen Url Sayısı: 0 - Aynı Olan Url Sayısı: 0
INFO:root:posta.com.tr Toplam Url Sayısı: 7 - Yeni Gelen Url Sayısı: 0 - Aynı Olan Url Sayısı: 4
INFO:root:aksam.com.tr Toplam Url Sayısı: 12 - Yeni Gelen Url Sayısı: 0 - Aynı Olan Url Sayısı: 4
INFO:root:gunes.com Toplam Url Sayısı: 2 - Yeni Gelen Url Sayısı: 0 - Aynı Olan Url Sayısı: 0
INFO:root:goal.com Toplam Url Sayısı: 1 - Yeni Gelen Url Sayısı: 0 - Aynı Olan Url Sayısı: 1
INFO:root:hurriyet.com.tr Toplam Url Sayısı: 4 - Yeni Gelen Url Sayısı: 0 - Aynı Olan Url Sayısı: 3
INFO:root:milliyet.com.tr Toplam Url Sayısı: 5 - Yeni Gelen Url Sayısı: 0 - Aynı Olan Url Sayısı: 3
INFO:root:aa.com.tr Toplam Url Sayısı: 2 - Yeni Gelen Url Sayısı: 0 - Aynı Olan Url Sayısı: 1
INFO:root:photos.com Toplam Url Sayısı: 2 - Yeni Gelen Url Sayısı: 0 - Aynı Olan Url Sayısı: 2
INFO:root:fanatik.com.tr Toplam Url Sayısı: 2 - Yeni Gelen Url Sayısı: 0 - Aynı Olan Url Sayısı: 0
INFO:root:cnnturk.com Toplam Url Sayısı: 8 - Yeni Gelen Url Sayısı: 0 - Aynı Olan Url Sayısı: 5
INFO:root:05.11.2018 10:40 tarama sonucu
INFO:root:t24.com.tr Toplam Url Sayısı: 16 - Yeni Gelen Url Sayısı: 0 - Aynı Olan Url Sayısı: 6
INFO:root:bbc.co.uk Toplam Url Sayısı: 3 - Yeni Gelen Url Sayısı: 1 - Aynı Olan Url Sayısı: 2
INFO:root:90min.com Toplam Url Sayısı: 1 - Yeni Gelen Url Sayısı: 0 - Aynı Olan Url Sayısı: 1
INFO:root:gazetevatan.com Toplam Url Sayısı: 3 - Yeni Gelen Url Sayısı: 0 - Aynı Olan Url Sayısı: 0
INFO:root:posta.com.tr Toplam Url Sayısı: 7 - Yeni Gelen Url Sayısı: 0 - Aynı Olan Url Sayısı: 4
INFO:root:aksam.com.tr Toplam Url Sayısı: 12 - Yeni Gelen Url Sayısı: 0 - Aynı Olan Url Sayısı: 4
INFO:root:gunes.com Toplam Url Sayısı: 2 - Yeni Gelen Url Sayısı: 0 - Aynı Olan Url Sayısı: 0
INFO:root:goal.com Toplam Url Sayısı: 1 - Yeni Gelen Url Sayısı: 0 - Aynı Olan Url Sayısı: 1
INFO:root:hurriyet.com.tr Toplam Url Sayısı: 5 - Yeni Gelen Url Sayısı: 1 - Aynı Olan Url Sayısı: 2
INFO:root:milliyet.com.tr Toplam Url Sayısı: 5 - Yeni Gelen Url Sayısı: 0 - Aynı Olan Url Sayısı: 2
INFO:root:aa.com.tr Toplam Url Sayısı: 2 - Yeni Gelen Url Sayısı: 0 - Aynı Olan Url Sayısı: 1
INFO:root:photos.com Toplam Url Sayısı: 2 - Yeni Gelen Url Sayısı: 0 - Aynı Olan Url Sayısı: 2
INFO:root:fanatik.com.tr Toplam Url Sayısı: 2 - Yeni Gelen Url Sayısı: 0 - Aynı Olan Url Sayısı: 0
INFO:root:cnnturk.com Toplam Url Sayısı: 8 - Yeni Gelen Url Sayısı: 0 - Aynı Olan Url Sayısı: 5
INFO:root:05.11.2018 10:45 tarama sonucu
INFO:root:t24.com.tr Toplam Url Sayısı: 16 - Yeni Gelen Url Sayısı: 0 - Aynı Olan Url Sayısı: 6
INFO:root:bbc.co.uk Toplam Url Sayısı: 4 - Yeni Gelen Url Sayısı: 1 - Aynı Olan Url Sayısı: 2
INFO:root:90min.com Toplam Url Sayısı: 1 - Yeni Gelen Url Sayısı: 0 - Aynı Olan Url Sayısı: 1
INFO:root:gazetevatan.com Toplam Url Sayısı: 3 - Yeni Gelen Url Sayısı: 0 - Aynı Olan Url Sayısı: 0
INFO:root:posta.com.tr Toplam Url Sayısı: 7 - Yeni Gelen Url Sayısı: 0 - Aynı Olan Url Sayısı: 4
INFO:root:aksam.com.tr Toplam Url Sayısı: 12 - Yeni Gelen Url Sayısı: 0 - Aynı Olan Url Sayısı: 4
INFO:root:gunes.com Toplam Url Sayısı: 2 - Yeni Gelen Url Sayısı: 0 - Aynı Olan Url Sayısı: 0
INFO:root:goal.com Toplam Url Sayısı: 1 - Yeni Gelen Url Sayısı: 0 - Aynı Olan Url Sayısı: 1
INFO:root:hurriyet.com.tr Toplam Url Sayısı: 5 - Yeni Gelen Url Sayısı: 0 - Aynı Olan Url Sayısı: 3
INFO:root:milliyet.com.tr Toplam Url Sayısı: 5 - Yeni Gelen Url Sayısı: 0 - Aynı Olan Url Sayısı: 2
INFO:root:aa.com.tr Toplam Url Sayısı: 2 - Yeni Gelen Url Sayısı: 0 - Aynı Olan Url Sayısı: 1
INFO:root:photos.com Toplam Url Sayısı: 2 - Yeni Gelen Url Sayısı: 0 - Aynı Olan Url Sayısı: 2
INFO:root:fanatik.com.tr Toplam Url Sayısı: 2 - Yeni Gelen Url Sayısı: 0 - Aynı Olan Url Sayısı: 0
INFO:root:cnnturk.com Toplam Url Sayısı: 8 - Yeni Gelen Url Sayısı: 0 - Aynı Olan Url Sayısı: 5
